<?xml version="1.0" encoding="UTF-8"?>
<!-- Generated by org.testng.reporters.JUnitReportReporter -->
<testsuite hostname="DESKTOP-FSB0VIH" failures="0" tests="2" name="qaclickacademy.SeleniumTest" time="0.022" errors="0" timestamp="2020-07-28T17:12:36 IST" skipped="0">
  <testcase classname="qaclickacademy.SeleniumTest" name="ElementsUI" time="0.011"/>
  <system-out/>
  <testcase classname="qaclickacademy.SeleniumTest" name="BrowserAutomation" time="0.011"/>
  <system-out/>
</testsuite> <!-- qaclickacademy.SeleniumTest -->
