<?xml version="1.0" encoding="UTF-8"?>
<!-- Generated by org.testng.reporters.JUnitReportReporter -->
<testsuite hostname="DESKTOP-FSB0VIH" failures="0" tests="2" name="qaclickacademy.RESTAPITest" time="0.006" errors="0" timestamp="2020-07-29T12:41:03 IST" skipped="0">
  <testcase classname="qaclickacademy.RESTAPITest" name="DeleteTwitter" time="0.003"/>
  <system-out/>
  <testcase classname="qaclickacademy.RESTAPITest" name="PostJira" time="0.003"/>
  <system-out/>
</testsuite> <!-- qaclickacademy.RESTAPITest -->
