<?xml version="1.0" encoding="UTF-8"?>
<!-- Generated by org.testng.reporters.JUnitReportReporter -->
<testsuite hostname="DESKTOP-FSB0VIH" failures="0" tests="3" name="qaclickacademy.SeleniumTest" time="0.016" errors="0" timestamp="2020-07-29T12:41:03 IST" skipped="0">
  <testcase classname="qaclickacademy.SeleniumTest" name="BrowserAutomation" time="0.004"/>
  <system-out/>
  <testcase classname="qaclickacademy.SeleniumTest" name="ElementsUI" time="0.005"/>
  <system-out/>
  <testcase classname="qaclickacademy.SeleniumTest" name="ElementsUI2" time="0.007"/>
  <system-out/>
</testsuite> <!-- qaclickacademy.SeleniumTest -->
