<?xml version="1.0" encoding="UTF-8"?>
<!-- Generated by org.testng.reporters.JUnitReportReporter -->
<testsuite hostname="DESKTOP-FSB0VIH" failures="0" tests="2" name="qaclickacademy.AppiumTest" time="0.005" errors="0" timestamp="2020-07-29T17:58:04 IST" skipped="0">
  <testcase classname="qaclickacademy.AppiumTest" name="NativeAPPAndroid" time="0.000"/>
  <system-out/>
  <testcase classname="qaclickacademy.AppiumTest" name="IOSApps" time="0.005"/>
  <system-out/>
</testsuite> <!-- qaclickacademy.AppiumTest -->
